2020-08-02 22:40:20,796 INFO org.springframework.boot.StartupInfoLogger [restartedMain] Starting WanderApplication on DESKTOP-B4424NA with PID 8180 (E:\wander.jitender - clean working copy as of 30July2020\target\classes started by LENOVO in E:\wander.jitender - clean working copy as of 30July2020)
2020-08-02 22:40:20,798 DEBUG org.springframework.boot.StartupInfoLogger [restartedMain] Running with Spring Boot v2.3.1.RELEASE, Spring v5.2.7.RELEASE
2020-08-02 22:40:20,799 INFO org.springframework.boot.SpringApplication [restartedMain] No active profile set, falling back to default profiles: default
2020-08-02 22:40:23,553 INFO com.wander.codechallenge.services.Covid19DataService [restartedMain] info log
2020-08-02 22:40:23,554 WARN com.wander.codechallenge.services.Covid19DataService [restartedMain] warn log
2020-08-02 22:40:23,555 DEBUG com.wander.codechallenge.services.Covid19DataService [restartedMain] debug log
2020-08-02 22:40:24,116 INFO org.springframework.boot.StartupInfoLogger [restartedMain] Started WanderApplication in 3.71 seconds (JVM running for 4.208)
2020-08-02 22:46:11,500 INFO org.springframework.boot.StartupInfoLogger [restartedMain] Starting WanderApplication on DESKTOP-B4424NA with PID 9256 (E:\wander.jitender - clean working copy as of 30July2020\target\classes started by LENOVO in E:\wander.jitender - clean working copy as of 30July2020)
2020-08-02 22:46:11,502 DEBUG org.springframework.boot.StartupInfoLogger [restartedMain] Running with Spring Boot v2.3.1.RELEASE, Spring v5.2.7.RELEASE
2020-08-02 22:46:11,502 INFO org.springframework.boot.SpringApplication [restartedMain] No active profile set, falling back to default profiles: default
2020-08-02 22:46:13,755 INFO com.wander.codechallenge.services.Covid19DataService [restartedMain] info log
2020-08-02 22:46:13,755 WARN com.wander.codechallenge.services.Covid19DataService [restartedMain] warn log
2020-08-02 22:46:13,755 DEBUG com.wander.codechallenge.services.Covid19DataService [restartedMain] debug log
2020-08-02 22:46:14,262 INFO org.springframework.boot.StartupInfoLogger [restartedMain] Started WanderApplication in 3.126 seconds (JVM running for 3.573)
2020-08-02 23:07:19,003 INFO org.springframework.boot.StartupInfoLogger [restartedMain] Starting WanderApplication on DESKTOP-B4424NA with PID 16848 (E:\wander.jitender - working good as of 02AUG_11PM\target\classes started by LENOVO in E:\wander.jitender - working good as of 02AUG_11PM)
2020-08-02 23:07:19,006 DEBUG org.springframework.boot.StartupInfoLogger [restartedMain] Running with Spring Boot v2.3.1.RELEASE, Spring v5.2.7.RELEASE
2020-08-02 23:07:19,006 INFO org.springframework.boot.SpringApplication [restartedMain] No active profile set, falling back to default profiles: default
2020-08-02 23:07:21,240 INFO com.wander.codechallenge.services.Covid19DataService [restartedMain] info log
2020-08-02 23:07:21,241 WARN com.wander.codechallenge.services.Covid19DataService [restartedMain] warn log
2020-08-02 23:07:21,241 DEBUG com.wander.codechallenge.services.Covid19DataService [restartedMain] debug log
2020-08-02 23:07:21,744 INFO org.springframework.boot.StartupInfoLogger [restartedMain] Started WanderApplication in 3.337 seconds (JVM running for 3.802)
2020-08-02 23:20:21,582 INFO org.springframework.boot.StartupInfoLogger [restartedMain] Starting WanderApplication on DESKTOP-B4424NA with PID 16816 (E:\wander.jitender - working good as of 02AUG_11PM\target\classes started by LENOVO in E:\wander.jitender - working good as of 02AUG_11PM)
2020-08-02 23:20:21,583 DEBUG org.springframework.boot.StartupInfoLogger [restartedMain] Running with Spring Boot v2.3.1.RELEASE, Spring v5.2.7.RELEASE
2020-08-02 23:20:21,584 INFO org.springframework.boot.SpringApplication [restartedMain] No active profile set, falling back to default profiles: default
2020-08-02 23:20:23,750 INFO com.wander.codechallenge.services.Covid19DataService [restartedMain] info log
2020-08-02 23:20:23,750 WARN com.wander.codechallenge.services.Covid19DataService [restartedMain] warn log
2020-08-02 23:20:23,750 DEBUG com.wander.codechallenge.services.Covid19DataService [restartedMain] debug log
2020-08-02 23:20:24,286 INFO org.springframework.boot.StartupInfoLogger [restartedMain] Started WanderApplication in 3.063 seconds (JVM running for 3.49)
2020-08-02 23:24:59,607 INFO org.springframework.boot.StartupInfoLogger [restartedMain] Starting WanderApplication on DESKTOP-B4424NA with PID 8452 (E:\wander.jitenders\target\classes started by LENOVO in E:\wander.jitenders)
2020-08-02 23:24:59,609 DEBUG org.springframework.boot.StartupInfoLogger [restartedMain] Running with Spring Boot v2.3.1.RELEASE, Spring v5.2.7.RELEASE
2020-08-02 23:24:59,609 INFO org.springframework.boot.SpringApplication [restartedMain] No active profile set, falling back to default profiles: default
2020-08-02 23:25:01,796 INFO com.wander.codechallenge.services.Covid19DataService [restartedMain] info log
2020-08-02 23:25:01,796 WARN com.wander.codechallenge.services.Covid19DataService [restartedMain] warn log
2020-08-02 23:25:01,796 DEBUG com.wander.codechallenge.services.Covid19DataService [restartedMain] debug log
2020-08-02 23:25:02,294 INFO org.springframework.boot.StartupInfoLogger [restartedMain] Started WanderApplication in 3.041 seconds (JVM running for 3.575)
2020-08-02 23:26:43,800 INFO org.springframework.boot.StartupInfoLogger [main] Starting WanderApplicationTests on DESKTOP-B4424NA with PID 16868 (started by LENOVO in E:\wander.jitenders)
2020-08-02 23:26:43,800 DEBUG org.springframework.boot.StartupInfoLogger [main] Running with Spring Boot v2.3.1.RELEASE, Spring v5.2.7.RELEASE
2020-08-02 23:26:43,801 INFO org.springframework.boot.SpringApplication [main] No active profile set, falling back to default profiles: default
2020-08-02 23:26:47,026 INFO com.wander.codechallenge.services.Covid19DataService [main] info log
2020-08-02 23:26:47,026 WARN com.wander.codechallenge.services.Covid19DataService [main] warn log
2020-08-02 23:26:47,027 DEBUG com.wander.codechallenge.services.Covid19DataService [main] debug log
2020-08-02 23:26:48,690 INFO org.springframework.boot.StartupInfoLogger [main] Started WanderApplicationTests in 5.585 seconds (JVM running for 7.006)
2020-08-02 23:27:00,991 INFO org.springframework.boot.StartupInfoLogger [restartedMain] Starting WanderApplication on DESKTOP-B4424NA with PID 9420 (E:\wander.jitenders\target\classes started by LENOVO in E:\wander.jitenders)
2020-08-02 23:27:00,993 DEBUG org.springframework.boot.StartupInfoLogger [restartedMain] Running with Spring Boot v2.3.1.RELEASE, Spring v5.2.7.RELEASE
2020-08-02 23:27:00,994 INFO org.springframework.boot.SpringApplication [restartedMain] No active profile set, falling back to default profiles: default
2020-08-02 23:27:03,379 INFO com.wander.codechallenge.services.Covid19DataService [restartedMain] info log
2020-08-02 23:27:03,380 WARN com.wander.codechallenge.services.Covid19DataService [restartedMain] warn log
2020-08-02 23:27:03,380 DEBUG com.wander.codechallenge.services.Covid19DataService [restartedMain] debug log
2020-08-02 23:27:03,897 INFO org.springframework.boot.StartupInfoLogger [restartedMain] Started WanderApplication in 3.265 seconds (JVM running for 3.762)
2020-08-02 23:31:21,930 INFO org.springframework.boot.StartupInfoLogger [restartedMain] Starting WanderApplication on DESKTOP-B4424NA with PID 18940 (E:\wander.jitenders\target\classes started by LENOVO in E:\wander.jitenders)
2020-08-02 23:31:21,936 DEBUG org.springframework.boot.StartupInfoLogger [restartedMain] Running with Spring Boot v2.3.1.RELEASE, Spring v5.2.7.RELEASE
2020-08-02 23:31:21,936 INFO org.springframework.boot.SpringApplication [restartedMain] No active profile set, falling back to default profiles: default
2020-08-02 23:31:26,733 INFO com.wander.codechallenge.services.Covid19DataService [restartedMain] info log
2020-08-02 23:31:26,734 WARN com.wander.codechallenge.services.Covid19DataService [restartedMain] warn log
2020-08-02 23:31:26,734 DEBUG com.wander.codechallenge.services.Covid19DataService [restartedMain] debug log
2020-08-02 23:31:27,602 INFO org.springframework.boot.StartupInfoLogger [restartedMain] Started WanderApplication in 6.351 seconds (JVM running for 7.713)
2020-08-02 23:35:22,763 INFO org.springframework.boot.StartupInfoLogger [restartedMain] Starting WanderApplication on DESKTOP-B4424NA with PID 8808 (E:\wander.jitender\target\classes started by LENOVO in E:\wander.jitender)
2020-08-02 23:35:22,767 DEBUG org.springframework.boot.StartupInfoLogger [restartedMain] Running with Spring Boot v2.3.1.RELEASE, Spring v5.2.7.RELEASE
2020-08-02 23:35:22,768 INFO org.springframework.boot.SpringApplication [restartedMain] No active profile set, falling back to default profiles: default
2020-08-02 23:35:27,482 INFO com.wander.codechallenge.services.Covid19DataService [restartedMain] info log
2020-08-02 23:35:27,483 WARN com.wander.codechallenge.services.Covid19DataService [restartedMain] warn log
2020-08-02 23:35:27,484 DEBUG com.wander.codechallenge.services.Covid19DataService [restartedMain] debug log
2020-08-02 23:35:29,041 INFO org.springframework.boot.StartupInfoLogger [restartedMain] Started WanderApplication in 7.07 seconds (JVM running for 8.337)
2020-08-02 23:37:49,637 INFO org.springframework.boot.StartupInfoLogger [restartedMain] Starting WanderApplication on DESKTOP-B4424NA with PID 1740 (E:\wander.jitender\target\classes started by LENOVO in E:\wander.jitender)
2020-08-02 23:37:49,641 DEBUG org.springframework.boot.StartupInfoLogger [restartedMain] Running with Spring Boot v2.3.1.RELEASE, Spring v5.2.7.RELEASE
2020-08-02 23:37:49,642 INFO org.springframework.boot.SpringApplication [restartedMain] No active profile set, falling back to default profiles: default
2020-08-02 23:37:55,000 INFO com.wander.codechallenge.services.Covid19DataService [restartedMain] info log
2020-08-02 23:37:55,001 WARN com.wander.codechallenge.services.Covid19DataService [restartedMain] warn log
2020-08-02 23:37:55,001 DEBUG com.wander.codechallenge.services.Covid19DataService [restartedMain] debug log
2020-08-02 23:37:55,964 INFO org.springframework.boot.StartupInfoLogger [restartedMain] Started WanderApplication in 7.066 seconds (JVM running for 8.174)
2020-08-02 23:40:01,968 INFO org.springframework.boot.StartupInfoLogger [restartedMain] Starting WanderApplication on DESKTOP-B4424NA with PID 14724 (E:\wander.jitender\target\classes started by LENOVO in E:\wander.jitender)
2020-08-02 23:40:01,971 DEBUG org.springframework.boot.StartupInfoLogger [restartedMain] Running with Spring Boot v2.3.1.RELEASE, Spring v5.2.7.RELEASE
2020-08-02 23:40:01,972 INFO org.springframework.boot.SpringApplication [restartedMain] No active profile set, falling back to default profiles: default
2020-08-02 23:40:08,743 INFO com.wander.codechallenge.services.Covid19DataService [restartedMain] info log
2020-08-02 23:40:08,743 WARN com.wander.codechallenge.services.Covid19DataService [restartedMain] warn log
2020-08-02 23:40:08,743 DEBUG com.wander.codechallenge.services.Covid19DataService [restartedMain] debug log
2020-08-02 23:40:10,350 INFO org.springframework.boot.StartupInfoLogger [restartedMain] Started WanderApplication in 9.135 seconds (JVM running for 10.179)
2020-08-02 23:51:58,704 INFO org.springframework.boot.StartupInfoLogger [restartedMain] Starting WanderApplication on DESKTOP-B4424NA with PID 14724 (E:\wander.jitender\target\classes started by LENOVO in E:\wander.jitender)
2020-08-02 23:51:58,705 DEBUG org.springframework.boot.StartupInfoLogger [restartedMain] Running with Spring Boot v2.3.1.RELEASE, Spring v5.2.7.RELEASE
2020-08-02 23:51:58,705 INFO org.springframework.boot.SpringApplication [restartedMain] No active profile set, falling back to default profiles: default
2020-08-02 23:53:32,884 INFO org.springframework.boot.StartupInfoLogger [restartedMain] Starting WanderApplication on DESKTOP-B4424NA with PID 14724 (E:\wander.jitender\target\classes started by LENOVO in E:\wander.jitender)
2020-08-02 23:53:32,885 DEBUG org.springframework.boot.StartupInfoLogger [restartedMain] Running with Spring Boot v2.3.1.RELEASE, Spring v5.2.7.RELEASE
2020-08-02 23:53:32,885 INFO org.springframework.boot.SpringApplication [restartedMain] No active profile set, falling back to default profiles: default
2020-08-02 23:57:30,874 INFO org.springframework.boot.StartupInfoLogger [restartedMain] Starting WanderApplication on DESKTOP-B4424NA with PID 14724 (E:\wander.jitender\target\classes started by LENOVO in E:\wander.jitender)
2020-08-02 23:57:30,874 DEBUG org.springframework.boot.StartupInfoLogger [restartedMain] Running with Spring Boot v2.3.1.RELEASE, Spring v5.2.7.RELEASE
2020-08-02 23:57:30,874 INFO org.springframework.boot.SpringApplication [restartedMain] No active profile set, falling back to default profiles: default
2020-08-02 23:57:32,789 INFO org.springframework.boot.StartupInfoLogger [restartedMain] Started WanderApplication in 1.956 seconds (JVM running for 1052.619)
