2020-07-30 12:35:34,717 INFO org.springframework.boot.logging.DeferredLog [restartedMain] Devtools property defaults active! Set 'spring.devtools.add-properties' to 'false' to disable
2020-07-30 12:35:34,718 INFO org.springframework.boot.logging.DeferredLog [restartedMain] For additional web related logging consider setting the 'logging.level.web' property to 'DEBUG'
2020-07-30 12:35:35,951 INFO org.springframework.data.repository.config.RepositoryConfigurationDelegate [restartedMain] Bootstrapping Spring Data MongoDB repositories in DEFAULT mode.
2020-07-30 12:35:36,011 INFO org.springframework.data.repository.config.RepositoryConfigurationDelegate [restartedMain] Finished Spring Data repository scanning in 54ms. Found 2 MongoDB repository interfaces.
2020-07-30 12:35:36,966 INFO org.springframework.boot.web.embedded.tomcat.TomcatWebServer [restartedMain] Tomcat initialized with port(s): 8080 (http)
2020-07-30 12:35:36,981 INFO org.apache.juli.logging.DirectJDKLog [restartedMain] Initializing ProtocolHandler ["http-nio-8080"]
2020-07-30 12:35:36,982 INFO org.apache.juli.logging.DirectJDKLog [restartedMain] Starting service [Tomcat]
2020-07-30 12:35:36,983 INFO org.apache.juli.logging.DirectJDKLog [restartedMain] Starting Servlet engine: [Apache Tomcat/9.0.36]
2020-07-30 12:35:37,109 INFO org.apache.juli.logging.DirectJDKLog [restartedMain] Initializing Spring embedded WebApplicationContext
2020-07-30 12:35:37,132 INFO org.springframework.boot.web.servlet.context.ServletWebServerApplicationContext [restartedMain] Root WebApplicationContext: initialization completed in 2413 ms
2020-07-30 12:35:37,877 INFO com.mongodb.diagnostics.logging.SLF4JLogger [restartedMain] Cluster created with settings {hosts=[localhost:27017], mode=SINGLE, requiredClusterType=UNKNOWN, serverSelectionTimeout='30000 ms'}
2020-07-30 12:35:38,033 INFO com.mongodb.diagnostics.logging.SLF4JLogger [cluster-ClusterId{value='5f22714193f52a1e82b619cd', description='null'}-localhost:27017] Opened connection [connectionId{localValue:1, serverValue:727}] to localhost:27017
2020-07-30 12:35:38,062 INFO com.mongodb.diagnostics.logging.SLF4JLogger [cluster-ClusterId{value='5f22714193f52a1e82b619cd', description='null'}-localhost:27017] Monitor thread successfully connected to server with description ServerDescription{address=localhost:27017, type=STANDALONE, state=CONNECTED, ok=true, minWireVersion=0, maxWireVersion=8, maxDocumentSize=16777216, logicalSessionTimeoutMinutes=30, roundTripTimeNanos=17712600}
2020-07-30 12:35:38,336 INFO org.springframework.boot.devtools.autoconfigure.OptionalLiveReloadServer [restartedMain] LiveReload server is running on port 35729
2020-07-30 12:35:40,737 INFO org.springframework.security.web.DefaultSecurityFilterChain [restartedMain] Creating filter chain: Ant [pattern='/resources/**'], []
2020-07-30 12:35:40,738 INFO org.springframework.security.web.DefaultSecurityFilterChain [restartedMain] Creating filter chain: Ant [pattern='/static/**'], []
2020-07-30 12:35:40,738 INFO org.springframework.security.web.DefaultSecurityFilterChain [restartedMain] Creating filter chain: Ant [pattern='/css/**'], []
2020-07-30 12:35:40,739 INFO org.springframework.security.web.DefaultSecurityFilterChain [restartedMain] Creating filter chain: Ant [pattern='/js/**'], []
2020-07-30 12:35:40,739 INFO org.springframework.security.web.DefaultSecurityFilterChain [restartedMain] Creating filter chain: Ant [pattern='/images/**'], []
2020-07-30 12:35:40,807 INFO org.springframework.security.web.DefaultSecurityFilterChain [restartedMain] Creating filter chain: any request, [org.springframework.security.web.context.request.async.WebAsyncManagerIntegrationFilter@41ea7544, org.springframework.security.web.context.SecurityContextPersistenceFilter@3e49be2a, org.springframework.security.web.header.HeaderWriterFilter@b899e44, org.springframework.security.web.authentication.logout.LogoutFilter@59a00bc3, org.springframework.security.web.authentication.UsernamePasswordAuthenticationFilter@20768166, org.springframework.security.web.savedrequest.RequestCacheAwareFilter@543ed73f, org.springframework.security.web.servletapi.SecurityContextHolderAwareRequestFilter@c55165a, org.springframework.security.web.authentication.AnonymousAuthenticationFilter@24ab20d5, org.springframework.security.web.session.SessionManagementFilter@58d02d28, org.springframework.security.web.access.ExceptionTranslationFilter@62a8d8ae, org.springframework.security.web.access.intercept.FilterSecurityInterceptor@2a3fc889]
2020-07-30 12:35:41,069 INFO org.springframework.scheduling.concurrent.ExecutorConfigurationSupport [restartedMain] Initializing ExecutorService 'applicationTaskExecutor'
2020-07-30 12:35:42,264 INFO org.springframework.scheduling.concurrent.ExecutorConfigurationSupport [restartedMain] Initializing ExecutorService 'taskScheduler'
2020-07-30 12:35:42,335 INFO org.apache.juli.logging.DirectJDKLog [restartedMain] Starting ProtocolHandler ["http-nio-8080"]
2020-07-30 12:35:42,368 INFO org.springframework.boot.web.embedded.tomcat.TomcatWebServer [restartedMain] Tomcat started on port(s): 8080 (http) with context path ''
2020-07-30 12:35:42,568 INFO com.mongodb.diagnostics.logging.SLF4JLogger [restartedMain] Opened connection [connectionId{localValue:2, serverValue:728}] to localhost:27017
2020-07-30 12:37:17,381 INFO org.apache.juli.logging.DirectJDKLog [http-nio-8080-exec-1] Initializing Spring DispatcherServlet 'dispatcherServlet'
2020-07-30 12:37:17,381 INFO org.springframework.web.servlet.FrameworkServlet [http-nio-8080-exec-1] Initializing Servlet 'dispatcherServlet'
2020-07-30 12:37:17,390 INFO org.springframework.web.servlet.FrameworkServlet [http-nio-8080-exec-1] Completed initialization in 9 ms
2020-07-30 12:37:17,941 WARN nz.net.ultraq.thymeleaf.expressions.ExpressionProcessor [http-nio-8080-exec-1] Fragment expression "default" is being wrapped as a Thymeleaf 3 fragment expression (~{...}) for backwards compatibility purposes.  This wrapping will be dropped in the next major version of the expression processor, so please rewrite as a Thymeleaf 3 fragment expression to future-proof your code.  See https://github.com/thymeleaf/thymeleaf/issues/451 for more information.
2020-07-30 12:37:38,267 WARN org.apache.juli.logging.DirectJDKLog [http-nio-8080-exec-5] Creation of SecureRandom instance for session ID generation using [SHA1PRNG] took [117] milliseconds.
2020-07-30 12:40:13,812 INFO org.springframework.scheduling.concurrent.ExecutorConfigurationSupport [Thread-181] Shutting down ExecutorService 'taskScheduler'
2020-07-30 12:40:13,814 INFO org.springframework.scheduling.concurrent.ExecutorConfigurationSupport [Thread-181] Shutting down ExecutorService 'applicationTaskExecutor'
2020-07-30 12:40:13,824 INFO com.mongodb.diagnostics.logging.SLF4JLogger [Thread-181] Closed connection [connectionId{localValue:2, serverValue:728}] to localhost:27017 because the pool has been closed.
2020-07-30 12:40:14,520 INFO org.springframework.data.repository.config.RepositoryConfigurationDelegate [restartedMain] Bootstrapping Spring Data MongoDB repositories in DEFAULT mode.
2020-07-30 12:40:14,551 INFO org.springframework.data.repository.config.RepositoryConfigurationDelegate [restartedMain] Finished Spring Data repository scanning in 30ms. Found 2 MongoDB repository interfaces.
2020-07-30 12:40:14,751 INFO org.springframework.boot.web.embedded.tomcat.TomcatWebServer [restartedMain] Tomcat initialized with port(s): 8080 (http)
2020-07-30 12:40:14,752 INFO org.apache.juli.logging.DirectJDKLog [restartedMain] Initializing ProtocolHandler ["http-nio-8080"]
2020-07-30 12:40:14,753 INFO org.apache.juli.logging.DirectJDKLog [restartedMain] Starting service [Tomcat]
2020-07-30 12:40:14,753 INFO org.apache.juli.logging.DirectJDKLog [restartedMain] Starting Servlet engine: [Apache Tomcat/9.0.36]
2020-07-30 12:40:14,916 INFO org.apache.juli.logging.DirectJDKLog [restartedMain] Initializing Spring embedded WebApplicationContext
2020-07-30 12:40:14,917 INFO org.springframework.boot.web.servlet.context.ServletWebServerApplicationContext [restartedMain] Root WebApplicationContext: initialization completed in 939 ms
2020-07-30 12:40:15,120 INFO com.mongodb.diagnostics.logging.SLF4JLogger [restartedMain] Cluster created with settings {hosts=[localhost:27017], mode=SINGLE, requiredClusterType=UNKNOWN, serverSelectionTimeout='30000 ms'}
2020-07-30 12:40:15,143 INFO org.springframework.boot.devtools.autoconfigure.OptionalLiveReloadServer [restartedMain] LiveReload server is running on port 35729
2020-07-30 12:40:15,151 INFO com.mongodb.diagnostics.logging.SLF4JLogger [cluster-ClusterId{value='5f22725793f52a1e82b619ce', description='null'}-localhost:27017] Opened connection [connectionId{localValue:3, serverValue:729}] to localhost:27017
2020-07-30 12:40:15,178 INFO com.mongodb.diagnostics.logging.SLF4JLogger [cluster-ClusterId{value='5f22725793f52a1e82b619ce', description='null'}-localhost:27017] Monitor thread successfully connected to server with description ServerDescription{address=localhost:27017, type=STANDALONE, state=CONNECTED, ok=true, minWireVersion=0, maxWireVersion=8, maxDocumentSize=16777216, logicalSessionTimeoutMinutes=30, roundTripTimeNanos=898200}
2020-07-30 12:40:15,760 INFO org.springframework.security.web.DefaultSecurityFilterChain [restartedMain] Creating filter chain: Ant [pattern='/resources/**'], []
2020-07-30 12:40:15,761 INFO org.springframework.security.web.DefaultSecurityFilterChain [restartedMain] Creating filter chain: Ant [pattern='/static/**'], []
2020-07-30 12:40:15,761 INFO org.springframework.security.web.DefaultSecurityFilterChain [restartedMain] Creating filter chain: Ant [pattern='/css/**'], []
2020-07-30 12:40:15,762 INFO org.springframework.security.web.DefaultSecurityFilterChain [restartedMain] Creating filter chain: Ant [pattern='/js/**'], []
2020-07-30 12:40:15,762 INFO org.springframework.security.web.DefaultSecurityFilterChain [restartedMain] Creating filter chain: Ant [pattern='/images/**'], []
2020-07-30 12:40:15,773 INFO org.springframework.security.web.DefaultSecurityFilterChain [restartedMain] Creating filter chain: any request, [org.springframework.security.web.context.request.async.WebAsyncManagerIntegrationFilter@3713ecb2, org.springframework.security.web.context.SecurityContextPersistenceFilter@7111f993, org.springframework.security.web.header.HeaderWriterFilter@118a8389, org.springframework.security.web.authentication.logout.LogoutFilter@60ca8d49, org.springframework.security.web.authentication.UsernamePasswordAuthenticationFilter@10c67512, org.springframework.security.web.savedrequest.RequestCacheAwareFilter@4d2be18c, org.springframework.security.web.servletapi.SecurityContextHolderAwareRequestFilter@878a56b, org.springframework.security.web.authentication.AnonymousAuthenticationFilter@7166623, org.springframework.security.web.session.SessionManagementFilter@6acf8913, org.springframework.security.web.access.ExceptionTranslationFilter@2343f8ad, org.springframework.security.web.access.intercept.FilterSecurityInterceptor@73bf70e4]
2020-07-30 12:40:15,816 INFO org.springframework.scheduling.concurrent.ExecutorConfigurationSupport [restartedMain] Initializing ExecutorService 'applicationTaskExecutor'
2020-07-30 12:40:15,872 INFO org.springframework.scheduling.concurrent.ExecutorConfigurationSupport [restartedMain] Initializing ExecutorService 'taskScheduler'
2020-07-30 12:40:15,888 INFO org.apache.juli.logging.DirectJDKLog [restartedMain] Starting ProtocolHandler ["http-nio-8080"]
2020-07-30 12:40:15,893 INFO org.springframework.boot.web.embedded.tomcat.TomcatWebServer [restartedMain] Tomcat started on port(s): 8080 (http) with context path ''
2020-07-30 12:40:15,902 INFO com.mongodb.diagnostics.logging.SLF4JLogger [restartedMain] Opened connection [connectionId{localValue:4, serverValue:730}] to localhost:27017
2020-07-30 12:40:15,911 INFO org.springframework.boot.devtools.autoconfigure.ConditionEvaluationDeltaLoggingListener [restartedMain] Condition evaluation unchanged
2020-07-30 12:45:42,831 INFO org.springframework.scheduling.concurrent.ExecutorConfigurationSupport [Thread-185] Shutting down ExecutorService 'taskScheduler'
2020-07-30 12:45:42,831 INFO org.springframework.scheduling.concurrent.ExecutorConfigurationSupport [Thread-185] Shutting down ExecutorService 'applicationTaskExecutor'
2020-07-30 12:45:42,833 INFO com.mongodb.diagnostics.logging.SLF4JLogger [Thread-185] Closed connection [connectionId{localValue:4, serverValue:730}] to localhost:27017 because the pool has been closed.
2020-07-30 12:45:43,848 INFO org.springframework.data.repository.config.RepositoryConfigurationDelegate [restartedMain] Bootstrapping Spring Data MongoDB repositories in DEFAULT mode.
2020-07-30 12:45:43,871 INFO org.springframework.data.repository.config.RepositoryConfigurationDelegate [restartedMain] Finished Spring Data repository scanning in 23ms. Found 2 MongoDB repository interfaces.
2020-07-30 12:45:44,441 INFO org.springframework.boot.web.embedded.tomcat.TomcatWebServer [restartedMain] Tomcat initialized with port(s): 8080 (http)
2020-07-30 12:45:44,442 INFO org.apache.juli.logging.DirectJDKLog [restartedMain] Initializing ProtocolHandler ["http-nio-8080"]
2020-07-30 12:45:44,444 INFO org.apache.juli.logging.DirectJDKLog [restartedMain] Starting service [Tomcat]
2020-07-30 12:45:44,446 INFO org.apache.juli.logging.DirectJDKLog [restartedMain] Starting Servlet engine: [Apache Tomcat/9.0.36]
2020-07-30 12:45:44,512 INFO org.apache.juli.logging.DirectJDKLog [restartedMain] Initializing Spring embedded WebApplicationContext
2020-07-30 12:45:44,514 INFO org.springframework.boot.web.servlet.context.ServletWebServerApplicationContext [restartedMain] Root WebApplicationContext: initialization completed in 1516 ms
2020-07-30 12:45:44,665 INFO com.mongodb.diagnostics.logging.SLF4JLogger [restartedMain] Cluster created with settings {hosts=[localhost:27017], mode=SINGLE, requiredClusterType=UNKNOWN, serverSelectionTimeout='30000 ms'}
2020-07-30 12:45:44,777 INFO org.springframework.boot.devtools.autoconfigure.OptionalLiveReloadServer [restartedMain] LiveReload server is running on port 35729
2020-07-30 12:45:44,808 INFO com.mongodb.diagnostics.logging.SLF4JLogger [cluster-ClusterId{value='5f2273a093f52a1e82b619cf', description='null'}-localhost:27017] Opened connection [connectionId{localValue:5, serverValue:731}] to localhost:27017
2020-07-30 12:45:44,814 INFO com.mongodb.diagnostics.logging.SLF4JLogger [cluster-ClusterId{value='5f2273a093f52a1e82b619cf', description='null'}-localhost:27017] Monitor thread successfully connected to server with description ServerDescription{address=localhost:27017, type=STANDALONE, state=CONNECTED, ok=true, minWireVersion=0, maxWireVersion=8, maxDocumentSize=16777216, logicalSessionTimeoutMinutes=30, roundTripTimeNanos=2160500}
2020-07-30 12:45:45,514 INFO org.springframework.security.web.DefaultSecurityFilterChain [restartedMain] Creating filter chain: Ant [pattern='/resources/**'], []
2020-07-30 12:45:45,515 INFO org.springframework.security.web.DefaultSecurityFilterChain [restartedMain] Creating filter chain: Ant [pattern='/static/**'], []
2020-07-30 12:45:45,515 INFO org.springframework.security.web.DefaultSecurityFilterChain [restartedMain] Creating filter chain: Ant [pattern='/css/**'], []
2020-07-30 12:45:45,515 INFO org.springframework.security.web.DefaultSecurityFilterChain [restartedMain] Creating filter chain: Ant [pattern='/js/**'], []
2020-07-30 12:45:45,516 INFO org.springframework.security.web.DefaultSecurityFilterChain [restartedMain] Creating filter chain: Ant [pattern='/images/**'], []
2020-07-30 12:45:45,521 INFO org.springframework.security.web.DefaultSecurityFilterChain [restartedMain] Creating filter chain: any request, [org.springframework.security.web.context.request.async.WebAsyncManagerIntegrationFilter@63da3e33, org.springframework.security.web.context.SecurityContextPersistenceFilter@2cee70a4, org.springframework.security.web.header.HeaderWriterFilter@3cfa527a, org.springframework.security.web.authentication.logout.LogoutFilter@253f0a5, org.springframework.security.web.authentication.UsernamePasswordAuthenticationFilter@8e64865, org.springframework.security.web.savedrequest.RequestCacheAwareFilter@2ff6a8f, org.springframework.security.web.servletapi.SecurityContextHolderAwareRequestFilter@6c789128, org.springframework.security.web.authentication.AnonymousAuthenticationFilter@665a67a1, org.springframework.security.web.session.SessionManagementFilter@483f2228, org.springframework.security.web.access.ExceptionTranslationFilter@763b0086, org.springframework.security.web.access.intercept.FilterSecurityInterceptor@9994d06]
2020-07-30 12:45:45,803 INFO org.springframework.scheduling.concurrent.ExecutorConfigurationSupport [restartedMain] Initializing ExecutorService 'applicationTaskExecutor'
2020-07-30 12:45:45,964 INFO org.springframework.scheduling.concurrent.ExecutorConfigurationSupport [restartedMain] Initializing ExecutorService 'taskScheduler'
2020-07-30 12:45:46,189 INFO org.apache.juli.logging.DirectJDKLog [restartedMain] Starting ProtocolHandler ["http-nio-8080"]
2020-07-30 12:45:46,196 INFO org.springframework.boot.web.embedded.tomcat.TomcatWebServer [restartedMain] Tomcat started on port(s): 8080 (http) with context path ''
2020-07-30 12:45:46,210 INFO com.mongodb.diagnostics.logging.SLF4JLogger [restartedMain] Opened connection [connectionId{localValue:6, serverValue:732}] to localhost:27017
2020-07-30 12:45:46,220 INFO org.springframework.boot.devtools.autoconfigure.ConditionEvaluationDeltaLoggingListener [restartedMain] Condition evaluation unchanged
2020-07-30 12:47:05,758 INFO org.springframework.scheduling.concurrent.ExecutorConfigurationSupport [Thread-367] Shutting down ExecutorService 'taskScheduler'
2020-07-30 12:47:05,759 INFO org.springframework.scheduling.concurrent.ExecutorConfigurationSupport [Thread-367] Shutting down ExecutorService 'applicationTaskExecutor'
2020-07-30 12:47:05,760 INFO com.mongodb.diagnostics.logging.SLF4JLogger [Thread-367] Closed connection [connectionId{localValue:6, serverValue:732}] to localhost:27017 because the pool has been closed.
2020-07-30 12:47:06,795 INFO org.springframework.data.repository.config.RepositoryConfigurationDelegate [restartedMain] Bootstrapping Spring Data MongoDB repositories in DEFAULT mode.
2020-07-30 12:47:06,814 INFO org.springframework.data.repository.config.RepositoryConfigurationDelegate [restartedMain] Finished Spring Data repository scanning in 17ms. Found 2 MongoDB repository interfaces.
2020-07-30 12:47:07,073 INFO org.springframework.boot.web.embedded.tomcat.TomcatWebServer [restartedMain] Tomcat initialized with port(s): 8080 (http)
2020-07-30 12:47:07,075 INFO org.apache.juli.logging.DirectJDKLog [restartedMain] Initializing ProtocolHandler ["http-nio-8080"]
2020-07-30 12:47:07,076 INFO org.apache.juli.logging.DirectJDKLog [restartedMain] Starting service [Tomcat]
2020-07-30 12:47:07,077 INFO org.apache.juli.logging.DirectJDKLog [restartedMain] Starting Servlet engine: [Apache Tomcat/9.0.36]
2020-07-30 12:47:07,121 INFO org.apache.juli.logging.DirectJDKLog [restartedMain] Initializing Spring embedded WebApplicationContext
2020-07-30 12:47:07,122 INFO org.springframework.boot.web.servlet.context.ServletWebServerApplicationContext [restartedMain] Root WebApplicationContext: initialization completed in 1223 ms
2020-07-30 12:47:07,354 INFO com.mongodb.diagnostics.logging.SLF4JLogger [restartedMain] Cluster created with settings {hosts=[localhost:27017], mode=SINGLE, requiredClusterType=UNKNOWN, serverSelectionTimeout='30000 ms'}
2020-07-30 12:47:07,372 INFO org.springframework.boot.devtools.autoconfigure.OptionalLiveReloadServer [restartedMain] LiveReload server is running on port 35729
2020-07-30 12:47:07,432 INFO com.mongodb.diagnostics.logging.SLF4JLogger [cluster-ClusterId{value='5f2273f393f52a1e82b619d0', description='null'}-localhost:27017] Opened connection [connectionId{localValue:7, serverValue:733}] to localhost:27017
2020-07-30 12:47:07,436 INFO com.mongodb.diagnostics.logging.SLF4JLogger [cluster-ClusterId{value='5f2273f393f52a1e82b619d0', description='null'}-localhost:27017] Monitor thread successfully connected to server with description ServerDescription{address=localhost:27017, type=STANDALONE, state=CONNECTED, ok=true, minWireVersion=0, maxWireVersion=8, maxDocumentSize=16777216, logicalSessionTimeoutMinutes=30, roundTripTimeNanos=508100}
2020-07-30 12:47:08,015 INFO org.springframework.security.web.DefaultSecurityFilterChain [restartedMain] Creating filter chain: Ant [pattern='/resources/**'], []
2020-07-30 12:47:08,015 INFO org.springframework.security.web.DefaultSecurityFilterChain [restartedMain] Creating filter chain: Ant [pattern='/static/**'], []
2020-07-30 12:47:08,016 INFO org.springframework.security.web.DefaultSecurityFilterChain [restartedMain] Creating filter chain: Ant [pattern='/css/**'], []
2020-07-30 12:47:08,016 INFO org.springframework.security.web.DefaultSecurityFilterChain [restartedMain] Creating filter chain: Ant [pattern='/js/**'], []
2020-07-30 12:47:08,017 INFO org.springframework.security.web.DefaultSecurityFilterChain [restartedMain] Creating filter chain: Ant [pattern='/images/**'], []
2020-07-30 12:47:08,024 INFO org.springframework.security.web.DefaultSecurityFilterChain [restartedMain] Creating filter chain: any request, [org.springframework.security.web.context.request.async.WebAsyncManagerIntegrationFilter@5e2fe940, org.springframework.security.web.context.SecurityContextPersistenceFilter@620d62e8, org.springframework.security.web.header.HeaderWriterFilter@3a1f12e7, org.springframework.security.web.authentication.logout.LogoutFilter@6fe37f84, org.springframework.security.web.authentication.UsernamePasswordAuthenticationFilter@11c28399, org.springframework.security.web.savedrequest.RequestCacheAwareFilter@313b3626, org.springframework.security.web.servletapi.SecurityContextHolderAwareRequestFilter@73f182cc, org.springframework.security.web.authentication.AnonymousAuthenticationFilter@5ce68dd1, org.springframework.security.web.session.SessionManagementFilter@4fcb5bf1, org.springframework.security.web.access.ExceptionTranslationFilter@328c2d32, org.springframework.security.web.access.intercept.FilterSecurityInterceptor@796c2aaa]
2020-07-30 12:47:08,146 INFO org.springframework.scheduling.concurrent.ExecutorConfigurationSupport [restartedMain] Initializing ExecutorService 'applicationTaskExecutor'
2020-07-30 12:47:08,449 INFO org.springframework.scheduling.concurrent.ExecutorConfigurationSupport [restartedMain] Initializing ExecutorService 'taskScheduler'
2020-07-30 12:47:08,475 INFO org.apache.juli.logging.DirectJDKLog [restartedMain] Starting ProtocolHandler ["http-nio-8080"]
2020-07-30 12:47:08,479 INFO org.springframework.boot.web.embedded.tomcat.TomcatWebServer [restartedMain] Tomcat started on port(s): 8080 (http) with context path ''
2020-07-30 12:47:08,530 INFO com.mongodb.diagnostics.logging.SLF4JLogger [restartedMain] Opened connection [connectionId{localValue:8, serverValue:734}] to localhost:27017
2020-07-30 12:47:08,579 INFO org.springframework.boot.devtools.autoconfigure.ConditionEvaluationDeltaLoggingListener [restartedMain] Condition evaluation unchanged
2020-07-30 12:47:55,857 INFO org.springframework.scheduling.concurrent.ExecutorConfigurationSupport [Thread-549] Shutting down ExecutorService 'taskScheduler'
2020-07-30 12:47:55,857 INFO org.springframework.scheduling.concurrent.ExecutorConfigurationSupport [Thread-549] Shutting down ExecutorService 'applicationTaskExecutor'
2020-07-30 12:47:55,858 INFO com.mongodb.diagnostics.logging.SLF4JLogger [Thread-549] Closed connection [connectionId{localValue:8, serverValue:734}] to localhost:27017 because the pool has been closed.
2020-07-30 12:47:56,474 INFO org.springframework.data.repository.config.RepositoryConfigurationDelegate [restartedMain] Bootstrapping Spring Data MongoDB repositories in DEFAULT mode.
2020-07-30 12:47:56,516 INFO org.springframework.data.repository.config.RepositoryConfigurationDelegate [restartedMain] Finished Spring Data repository scanning in 41ms. Found 2 MongoDB repository interfaces.
2020-07-30 12:47:56,670 INFO org.springframework.boot.web.embedded.tomcat.TomcatWebServer [restartedMain] Tomcat initialized with port(s): 8080 (http)
2020-07-30 12:47:56,670 INFO org.apache.juli.logging.DirectJDKLog [restartedMain] Initializing ProtocolHandler ["http-nio-8080"]
2020-07-30 12:47:56,671 INFO org.apache.juli.logging.DirectJDKLog [restartedMain] Starting service [Tomcat]
2020-07-30 12:47:56,671 INFO org.apache.juli.logging.DirectJDKLog [restartedMain] Starting Servlet engine: [Apache Tomcat/9.0.36]
2020-07-30 12:47:56,702 INFO org.apache.juli.logging.DirectJDKLog [restartedMain] Initializing Spring embedded WebApplicationContext
2020-07-30 12:47:56,702 INFO org.springframework.boot.web.servlet.context.ServletWebServerApplicationContext [restartedMain] Root WebApplicationContext: initialization completed in 719 ms
2020-07-30 12:47:56,815 INFO com.mongodb.diagnostics.logging.SLF4JLogger [restartedMain] Cluster created with settings {hosts=[localhost:27017], mode=SINGLE, requiredClusterType=UNKNOWN, serverSelectionTimeout='30000 ms'}
2020-07-30 12:47:56,836 INFO org.springframework.boot.devtools.autoconfigure.OptionalLiveReloadServer [restartedMain] LiveReload server is running on port 35729
2020-07-30 12:47:56,890 INFO com.mongodb.diagnostics.logging.SLF4JLogger [cluster-ClusterId{value='5f22742493f52a1e82b619d1', description='null'}-localhost:27017] Opened connection [connectionId{localValue:9, serverValue:735}] to localhost:27017
2020-07-30 12:47:56,892 INFO com.mongodb.diagnostics.logging.SLF4JLogger [cluster-ClusterId{value='5f22742493f52a1e82b619d1', description='null'}-localhost:27017] Monitor thread successfully connected to server with description ServerDescription{address=localhost:27017, type=STANDALONE, state=CONNECTED, ok=true, minWireVersion=0, maxWireVersion=8, maxDocumentSize=16777216, logicalSessionTimeoutMinutes=30, roundTripTimeNanos=606800}
2020-07-30 12:47:57,298 INFO org.springframework.security.web.DefaultSecurityFilterChain [restartedMain] Creating filter chain: Ant [pattern='/resources/**'], []
2020-07-30 12:47:57,298 INFO org.springframework.security.web.DefaultSecurityFilterChain [restartedMain] Creating filter chain: Ant [pattern='/static/**'], []
2020-07-30 12:47:57,299 INFO org.springframework.security.web.DefaultSecurityFilterChain [restartedMain] Creating filter chain: Ant [pattern='/css/**'], []
2020-07-30 12:47:57,299 INFO org.springframework.security.web.DefaultSecurityFilterChain [restartedMain] Creating filter chain: Ant [pattern='/js/**'], []
2020-07-30 12:47:57,300 INFO org.springframework.security.web.DefaultSecurityFilterChain [restartedMain] Creating filter chain: Ant [pattern='/images/**'], []
2020-07-30 12:47:57,304 INFO org.springframework.security.web.DefaultSecurityFilterChain [restartedMain] Creating filter chain: any request, [org.springframework.security.web.context.request.async.WebAsyncManagerIntegrationFilter@53777ac8, org.springframework.security.web.context.SecurityContextPersistenceFilter@18c04bb9, org.springframework.security.web.header.HeaderWriterFilter@b0defb, org.springframework.security.web.authentication.logout.LogoutFilter@52c14e6b, org.springframework.security.web.authentication.UsernamePasswordAuthenticationFilter@40e48f05, org.springframework.security.web.savedrequest.RequestCacheAwareFilter@4d307f32, org.springframework.security.web.servletapi.SecurityContextHolderAwareRequestFilter@4bf13769, org.springframework.security.web.authentication.AnonymousAuthenticationFilter@6df2e87f, org.springframework.security.web.session.SessionManagementFilter@42683b9d, org.springframework.security.web.access.ExceptionTranslationFilter@79759a01, org.springframework.security.web.access.intercept.FilterSecurityInterceptor@728d0c6f]
2020-07-30 12:47:57,398 INFO org.springframework.scheduling.concurrent.ExecutorConfigurationSupport [restartedMain] Initializing ExecutorService 'applicationTaskExecutor'
2020-07-30 12:47:57,466 INFO org.springframework.scheduling.concurrent.ExecutorConfigurationSupport [restartedMain] Initializing ExecutorService 'taskScheduler'
2020-07-30 12:47:57,486 INFO org.apache.juli.logging.DirectJDKLog [restartedMain] Starting ProtocolHandler ["http-nio-8080"]
2020-07-30 12:47:57,491 INFO org.springframework.boot.web.embedded.tomcat.TomcatWebServer [restartedMain] Tomcat started on port(s): 8080 (http) with context path ''
2020-07-30 12:47:57,515 INFO com.mongodb.diagnostics.logging.SLF4JLogger [restartedMain] Opened connection [connectionId{localValue:10, serverValue:736}] to localhost:27017
2020-07-30 12:47:57,528 INFO org.springframework.boot.devtools.autoconfigure.ConditionEvaluationDeltaLoggingListener [restartedMain] Condition evaluation unchanged
2020-07-30 12:50:23,936 INFO org.apache.juli.logging.DirectJDKLog [http-nio-8080-exec-10] Initializing Spring DispatcherServlet 'dispatcherServlet'
2020-07-30 12:50:23,936 INFO org.springframework.web.servlet.FrameworkServlet [http-nio-8080-exec-10] Initializing Servlet 'dispatcherServlet'
2020-07-30 12:50:23,940 INFO org.springframework.web.servlet.FrameworkServlet [http-nio-8080-exec-10] Completed initialization in 3 ms
